<?xml version="1.0" encoding="UTF-8"?>
<!-- Generated by org.testng.reporters.JUnitReportReporter -->
<testsuite hostname="EVT01213NB" failures="0" tests="1" name="Testcases.LoginapplicationPF" time="35.897" errors="0" timestamp="2020-04-12T23:58:25 EET" skipped="0">
  <testcase classname="Testcases.LoginapplicationPF" name="Login" time="35.897"/>
  <system-out/>
</testsuite> <!-- Testcases.LoginapplicationPF -->
