<?xml version="1.0" encoding="UTF-8"?>
<!-- Generated by org.testng.reporters.JUnitReportReporter -->
<testsuite hostname="EVT01213NB" failures="0" tests="1" name="Testcases.Loginapplication" time="14.664" errors="0" timestamp="2020-04-12T23:45:15 EET" skipped="0">
  <testcase classname="Testcases.Loginapplication" name="Login" time="14.664"/>
  <system-out/>
</testsuite> <!-- Testcases.Loginapplication -->
